2025-07-18 23:09:12,704 - __main__ - INFO - Starting Semantic Search Assistant backend...
2025-07-18 23:09:26,314 - folder_manager - INFO - Loaded 2 connected folders
2025-07-18 23:09:26,334 - main - INFO - Initializing document search backend...
2025-07-18 23:09:26,335 - database - INFO - Loading embedding model: sentence-transformers/all-MiniLM-L6-v2
2025-07-18 23:09:26,337 - sentence_transformers.SentenceTransformer - INFO - Use pytorch device_name: cpu
2025-07-18 23:09:26,337 - sentence_transformers.SentenceTransformer - INFO - Load pretrained SentenceTransformer: sentence-transformers/all-MiniLM-L6-v2
2025-07-18 23:09:32,862 - database - INFO - Connected to existing table: documents
2025-07-18 23:09:32,877 - database - INFO - Vector store initialized successfully
2025-07-18 23:09:32,889 - document_processor - INFO - Document processor initialized
2025-07-18 23:09:34,450 - main - INFO - Added test_docs folder to monitoring: E:\PROJECT\Semantic_Search_Assistant\test_docs
2025-07-18 23:09:34,453 - folder_manager - INFO - Starting folder monitoring...
2025-07-18 23:09:34,454 - folder_manager - WARNING - Folder does not exist, skipping monitoring: C:\Users\Abdul Wasay\OneDrive\Desktop\BilalProject\Semantic_Search_Assistant\test_docs
2025-07-18 23:09:34,457 - folder_manager - INFO - Started monitoring folder: E:\PROJECT\Semantic_Search_Assistant\test_docs
2025-07-18 23:09:34,458 - folder_manager - INFO - Monitoring 2 folders
2025-07-18 23:09:34,465 - api_service - INFO - API server started successfully
2025-07-18 23:09:34,494 - folder_manager - INFO - Starting background document processor...
2025-07-18 23:09:51,985 - main - INFO - Search for 'w' returned 7 results
2025-07-18 23:09:52,595 - main - INFO - Search for 'wa' returned 7 results
2025-07-18 23:09:53,016 - main - INFO - Search for 'was' returned 7 results
2025-07-18 23:09:53,150 - main - INFO - Search for 'wasa' returned 7 results
2025-07-18 23:09:53,626 - main - INFO - Search for 'was' returned 7 results
2025-07-18 23:09:53,770 - main - INFO - Search for 'wa' returned 7 results
2025-07-18 23:09:53,903 - main - INFO - Search for 'w' returned 7 results
2025-07-18 23:10:01,004 - main - INFO - Search for 'N' returned 7 results
2025-07-18 23:10:03,210 - folder_manager - INFO - File created detected: E:\PROJECT\Semantic_Search_Assistant\test_docs\sample_document.txt
2025-07-18 23:10:03,220 - folder_manager - INFO - Queued file for processing: E:\PROJECT\Semantic_Search_Assistant\test_docs\sample_document.txt (trigger: created)
2025-07-18 23:10:03,221 - folder_manager - INFO - File modified detected: E:\PROJECT\Semantic_Search_Assistant\test_docs\sample_document.txt
2025-07-18 23:10:03,222 - folder_manager - INFO - Queued file for processing: E:\PROJECT\Semantic_Search_Assistant\test_docs\sample_document.txt (trigger: modified)
2025-07-18 23:10:04,059 - folder_manager - INFO - Processing file: E:\PROJECT\Semantic_Search_Assistant\test_docs\sample_document.txt
2025-07-18 23:10:04,061 - main - INFO - Processing document 1/1: E:\PROJECT\Semantic_Search_Assistant\test_docs\sample_document.txt
2025-07-18 23:10:04,063 - document_processor - INFO - Processed sample_document.txt: 2 chunks created
2025-07-18 23:10:04,064 - main - INFO - Processed E:\PROJECT\Semantic_Search_Assistant\test_docs\sample_document.txt: 2 chunks, type: <class 'list'>
2025-07-18 23:10:04,064 - main - INFO - First chunk type: <class 'document_processor.DocumentChunk'>, has content: True
2025-07-18 23:10:04,065 - database - INFO - add_document called with 2 chunks, type: <class 'list'>
2025-07-18 23:10:04,065 - database - INFO - First chunk type: <class 'document_processor.DocumentChunk'>
2025-07-18 23:10:04,152 - database - INFO - Processing chunk 0: metadata type = <class 'dict'>, metadata = {'source': 'E:\\PROJECT\\Semantic_Search_Assistant\\test_docs\\sample_document.txt', 'filename': 'sample_document.txt', 'extension': '.txt', 'file_size': 564, 'modified_time': 1752862203.2095788, 'format': 'text', 'lines': 15, 'words': 85, 'chunk_index': 0, 'total_chunks': 2, 'chunk_size': 441}
2025-07-18 23:10:04,152 - database - INFO - Processing chunk 1: metadata type = <class 'dict'>, metadata = {'source': 'E:\\PROJECT\\Semantic_Search_Assistant\\test_docs\\sample_document.txt', 'filename': 'sample_document.txt', 'extension': '.txt', 'file_size': 564, 'modified_time': 1752862203.2095788, 'format': 'text', 'lines': 15, 'words': 85, 'chunk_index': 1, 'total_chunks': 2, 'chunk_size': 216}
2025-07-18 23:10:04,175 - database - INFO - Added 2 chunks for document: sample_document.txt
2025-07-18 23:10:04,176 - folder_manager - INFO - Successfully processed: E:\PROJECT\Semantic_Search_Assistant\test_docs\sample_document.txt (0 chunks)
2025-07-18 23:10:04,176 - folder_manager - INFO - Processing file: E:\PROJECT\Semantic_Search_Assistant\test_docs\sample_document.txt
2025-07-18 23:10:04,177 - main - INFO - Processing document 1/1: E:\PROJECT\Semantic_Search_Assistant\test_docs\sample_document.txt
2025-07-18 23:10:04,179 - document_processor - INFO - Processed sample_document.txt: 2 chunks created
2025-07-18 23:10:04,179 - main - INFO - Processed E:\PROJECT\Semantic_Search_Assistant\test_docs\sample_document.txt: 2 chunks, type: <class 'list'>
2025-07-18 23:10:04,179 - main - INFO - First chunk type: <class 'document_processor.DocumentChunk'>, has content: True
2025-07-18 23:10:04,179 - database - INFO - add_document called with 2 chunks, type: <class 'list'>
2025-07-18 23:10:04,179 - database - INFO - First chunk type: <class 'document_processor.DocumentChunk'>
2025-07-18 23:10:04,243 - database - INFO - Processing chunk 0: metadata type = <class 'dict'>, metadata = {'source': 'E:\\PROJECT\\Semantic_Search_Assistant\\test_docs\\sample_document.txt', 'filename': 'sample_document.txt', 'extension': '.txt', 'file_size': 564, 'modified_time': 1752862203.2095788, 'format': 'text', 'lines': 15, 'words': 85, 'chunk_index': 0, 'total_chunks': 2, 'chunk_size': 441}
2025-07-18 23:10:04,243 - database - INFO - Processing chunk 1: metadata type = <class 'dict'>, metadata = {'source': 'E:\\PROJECT\\Semantic_Search_Assistant\\test_docs\\sample_document.txt', 'filename': 'sample_document.txt', 'extension': '.txt', 'file_size': 564, 'modified_time': 1752862203.2095788, 'format': 'text', 'lines': 15, 'words': 85, 'chunk_index': 1, 'total_chunks': 2, 'chunk_size': 216}
2025-07-18 23:10:04,262 - database - INFO - Added 2 chunks for document: sample_document.txt
2025-07-18 23:10:04,262 - folder_manager - INFO - Successfully processed: E:\PROJECT\Semantic_Search_Assistant\test_docs\sample_document.txt (0 chunks)
2025-07-18 23:10:05,499 - folder_manager - INFO - Removed file from store: E:\PROJECT\Semantic_Search_Assistant\test_docs\New folder
2025-07-18 23:10:25,214 - folder_manager - INFO - Removed file from store: E:\PROJECT\Semantic_Search_Assistant\test_docs\sample_document.txt
2025-07-18 23:10:31,675 - folder_manager - INFO - File created detected: E:\PROJECT\Semantic_Search_Assistant\test_docs\New Text Document.txt
2025-07-18 23:10:31,676 - folder_manager - INFO - Queued file for processing: E:\PROJECT\Semantic_Search_Assistant\test_docs\New Text Document.txt (trigger: created)
2025-07-18 23:10:32,687 - folder_manager - INFO - Processing file: E:\PROJECT\Semantic_Search_Assistant\test_docs\New Text Document.txt
2025-07-18 23:10:32,688 - main - INFO - Processing document 1/1: E:\PROJECT\Semantic_Search_Assistant\test_docs\New Text Document.txt
2025-07-18 23:10:32,690 - document_processor - INFO - Processed New Text Document.txt: 0 chunks created
2025-07-18 23:10:32,690 - main - INFO - Processed E:\PROJECT\Semantic_Search_Assistant\test_docs\New Text Document.txt: 0 chunks, type: <class 'list'>
2025-07-18 23:10:32,690 - database - INFO - add_document called with 0 chunks, type: <class 'list'>
2025-07-18 23:10:32,691 - database - INFO - No chunks to add for E:\PROJECT\Semantic_Search_Assistant\test_docs\New Text Document.txt
2025-07-18 23:10:32,691 - folder_manager - INFO - Successfully processed: E:\PROJECT\Semantic_Search_Assistant\test_docs\New Text Document.txt (0 chunks)
2025-07-18 23:10:32,837 - main - INFO - Search for 'Nh' returned 7 results
2025-07-18 23:10:32,906 - main - INFO - Search for 'Nhe' returned 7 results
2025-07-18 23:10:33,103 - main - INFO - Search for 'Nhel' returned 7 results
2025-07-18 23:10:33,216 - main - INFO - Search for 'Nhell' returned 7 results
2025-07-18 23:10:33,366 - main - INFO - Search for 'Nhello' returned 7 results
2025-07-18 23:10:34,359 - main - INFO - Search for 'Nhelloi' returned 7 results
2025-07-18 23:10:35,346 - main - INFO - Search for 'Nhello' returned 7 results
2025-07-18 23:10:35,464 - main - INFO - Search for 'Nhell' returned 7 results
2025-07-18 23:10:35,683 - main - INFO - Search for 'Nhel' returned 7 results
2025-07-18 23:10:36,494 - main - INFO - Search for 'Nhelo' returned 7 results
2025-07-18 23:10:36,599 - main - INFO - Search for 'Nheloo' returned 7 results
2025-07-18 23:10:36,710 - main - INFO - Search for 'Nhelooo' returned 7 results
2025-07-18 23:10:36,820 - main - INFO - Search for 'Nheloooo' returned 7 results
2025-07-18 23:10:41,124 - main - INFO - Search for 'Nheloooob' returned 7 results
2025-07-18 23:10:41,228 - main - INFO - Search for 'Nheloooobi' returned 7 results
2025-07-18 23:10:41,413 - main - INFO - Search for 'Nheloooobil' returned 7 results
2025-07-18 23:10:41,510 - main - INFO - Search for 'Nheloooobila' returned 7 results
2025-07-18 23:10:41,558 - main - INFO - Search for 'Nheloooobilal' returned 7 results
2025-07-18 23:10:41,986 - main - INFO - Search for 'k' returned 7 results
2025-07-18 23:10:42,326 - main - INFO - Search for 'kh' returned 7 results
2025-07-18 23:10:42,373 - main - INFO - Search for 'kha' returned 7 results
2025-07-18 23:10:42,463 - main - INFO - Search for 'khan' returned 7 results
2025-07-18 23:10:43,164 - folder_manager - INFO - File modified detected: E:\PROJECT\Semantic_Search_Assistant\test_docs\hellooooo.txt
2025-07-18 23:10:43,165 - folder_manager - INFO - Queued file for processing: E:\PROJECT\Semantic_Search_Assistant\test_docs\hellooooo.txt (trigger: modified)
2025-07-18 23:10:43,196 - main - INFO - Search for 'khans' returned 7 results
2025-07-18 23:10:43,760 - folder_manager - INFO - Processing file: E:\PROJECT\Semantic_Search_Assistant\test_docs\hellooooo.txt
2025-07-18 23:10:43,851 - main - INFO - Processing document 1/1: E:\PROJECT\Semantic_Search_Assistant\test_docs\hellooooo.txt
2025-07-18 23:10:43,872 - document_processor - INFO - Processed hellooooo.txt: 1 chunks created
2025-07-18 23:10:43,883 - main - INFO - Processed E:\PROJECT\Semantic_Search_Assistant\test_docs\hellooooo.txt: 1 chunks, type: <class 'list'>
2025-07-18 23:10:43,887 - main - INFO - First chunk type: <class 'document_processor.DocumentChunk'>, has content: True
2025-07-18 23:10:43,897 - database - INFO - add_document called with 1 chunks, type: <class 'list'>
2025-07-18 23:10:43,899 - database - INFO - First chunk type: <class 'document_processor.DocumentChunk'>
2025-07-18 23:10:43,940 - database - INFO - Processing chunk 0: metadata type = <class 'dict'>, metadata = {'source': 'E:\\PROJECT\\Semantic_Search_Assistant\\test_docs\\hellooooo.txt', 'filename': 'hellooooo.txt', 'extension': '.txt', 'file_size': 10, 'modified_time': 1752862243.162792, 'format': 'text', 'lines': 1, 'words': 2, 'chunk_index': 0, 'total_chunks': 1, 'chunk_size': 10}
2025-07-18 23:10:43,951 - database - INFO - Added 1 chunks for document: hellooooo.txt
2025-07-18 23:10:43,951 - folder_manager - INFO - Successfully processed: E:\PROJECT\Semantic_Search_Assistant\test_docs\hellooooo.txt (0 chunks)
2025-07-18 23:10:43,971 - folder_manager - INFO - File modified detected: E:\PROJECT\Semantic_Search_Assistant\test_docs\hellooooo.txt
2025-07-18 23:10:43,972 - folder_manager - INFO - Queued file for processing: E:\PROJECT\Semantic_Search_Assistant\test_docs\hellooooo.txt (trigger: modified)
2025-07-18 23:10:44,009 - main - INFO - Search for 'khanss' returned 8 results
2025-07-18 23:10:45,178 - folder_manager - INFO - Processing file: E:\PROJECT\Semantic_Search_Assistant\test_docs\hellooooo.txt
2025-07-18 23:10:45,180 - main - INFO - Processing document 1/1: E:\PROJECT\Semantic_Search_Assistant\test_docs\hellooooo.txt
2025-07-18 23:10:45,183 - document_processor - INFO - Processed hellooooo.txt: 1 chunks created
2025-07-18 23:10:45,183 - main - INFO - Processed E:\PROJECT\Semantic_Search_Assistant\test_docs\hellooooo.txt: 1 chunks, type: <class 'list'>
2025-07-18 23:10:45,184 - main - INFO - First chunk type: <class 'document_processor.DocumentChunk'>, has content: True
2025-07-18 23:10:45,184 - database - INFO - add_document called with 1 chunks, type: <class 'list'>
2025-07-18 23:10:45,185 - database - INFO - First chunk type: <class 'document_processor.DocumentChunk'>
2025-07-18 23:10:45,206 - database - INFO - Processing chunk 0: metadata type = <class 'dict'>, metadata = {'source': 'E:\\PROJECT\\Semantic_Search_Assistant\\test_docs\\hellooooo.txt', 'filename': 'hellooooo.txt', 'extension': '.txt', 'file_size': 10, 'modified_time': 1752862243.9697566, 'format': 'text', 'lines': 1, 'words': 2, 'chunk_index': 0, 'total_chunks': 1, 'chunk_size': 10}
2025-07-18 23:10:45,224 - database - INFO - Added 1 chunks for document: hellooooo.txt
2025-07-18 23:10:45,225 - folder_manager - INFO - Successfully processed: E:\PROJECT\Semantic_Search_Assistant\test_docs\hellooooo.txt (0 chunks)
2025-07-18 23:10:48,449 - main - INFO - Search for 'a' returned 7 results
2025-07-18 23:10:48,570 - main - INFO - Search for 'an' returned 7 results
2025-07-18 23:10:48,646 - main - INFO - Search for 'ans' returned 7 results
2025-07-18 23:10:50,019 - folder_manager - INFO - File modified detected: E:\PROJECT\Semantic_Search_Assistant\test_docs\hellooooo.txt
2025-07-18 23:10:50,020 - folder_manager - INFO - Queued file for processing: E:\PROJECT\Semantic_Search_Assistant\test_docs\hellooooo.txt (trigger: modified)
2025-07-18 23:10:50,048 - main - INFO - Search for 's' returned 7 results
2025-07-18 23:10:50,150 - folder_manager - INFO - Processing file: E:\PROJECT\Semantic_Search_Assistant\test_docs\hellooooo.txt
2025-07-18 23:10:50,151 - main - INFO - Processing document 1/1: E:\PROJECT\Semantic_Search_Assistant\test_docs\hellooooo.txt
2025-07-18 23:10:50,151 - document_processor - INFO - Processed hellooooo.txt: 1 chunks created
2025-07-18 23:10:50,152 - main - INFO - Processed E:\PROJECT\Semantic_Search_Assistant\test_docs\hellooooo.txt: 1 chunks, type: <class 'list'>
2025-07-18 23:10:50,152 - main - INFO - First chunk type: <class 'document_processor.DocumentChunk'>, has content: True
2025-07-18 23:10:50,152 - database - INFO - add_document called with 1 chunks, type: <class 'list'>
2025-07-18 23:10:50,152 - database - INFO - First chunk type: <class 'document_processor.DocumentChunk'>
2025-07-18 23:10:50,163 - database - INFO - Processing chunk 0: metadata type = <class 'dict'>, metadata = {'source': 'E:\\PROJECT\\Semantic_Search_Assistant\\test_docs\\hellooooo.txt', 'filename': 'hellooooo.txt', 'extension': '.txt', 'file_size': 17, 'modified_time': 1752862250.0185502, 'format': 'text', 'lines': 1, 'words': 3, 'chunk_index': 0, 'total_chunks': 1, 'chunk_size': 14}
2025-07-18 23:10:50,170 - database - INFO - Added 1 chunks for document: hellooooo.txt
2025-07-18 23:10:50,171 - folder_manager - INFO - Successfully processed: E:\PROJECT\Semantic_Search_Assistant\test_docs\hellooooo.txt (0 chunks)
2025-07-18 23:10:58,453 - folder_manager - INFO - File modified detected: E:\PROJECT\Semantic_Search_Assistant\test_docs\hellooooo.txt
2025-07-18 23:10:58,454 - folder_manager - INFO - Queued file for processing: E:\PROJECT\Semantic_Search_Assistant\test_docs\hellooooo.txt (trigger: modified)
2025-07-18 23:10:58,510 - main - INFO - Search for 'ss' returned 8 results
2025-07-18 23:10:58,778 - folder_manager - INFO - Processing file: E:\PROJECT\Semantic_Search_Assistant\test_docs\hellooooo.txt
2025-07-18 23:10:58,780 - main - INFO - Processing document 1/1: E:\PROJECT\Semantic_Search_Assistant\test_docs\hellooooo.txt
2025-07-18 23:10:58,782 - document_processor - INFO - Processed hellooooo.txt: 1 chunks created
2025-07-18 23:10:58,782 - main - INFO - Processed E:\PROJECT\Semantic_Search_Assistant\test_docs\hellooooo.txt: 1 chunks, type: <class 'list'>
2025-07-18 23:10:58,783 - main - INFO - First chunk type: <class 'document_processor.DocumentChunk'>, has content: True
2025-07-18 23:10:58,783 - database - INFO - add_document called with 1 chunks, type: <class 'list'>
2025-07-18 23:10:58,784 - database - INFO - First chunk type: <class 'document_processor.DocumentChunk'>
2025-07-18 23:10:58,807 - database - INFO - Processing chunk 0: metadata type = <class 'dict'>, metadata = {'source': 'E:\\PROJECT\\Semantic_Search_Assistant\\test_docs\\hellooooo.txt', 'filename': 'hellooooo.txt', 'extension': '.txt', 'file_size': 17, 'modified_time': 1752862258.4443583, 'format': 'text', 'lines': 1, 'words': 3, 'chunk_index': 0, 'total_chunks': 1, 'chunk_size': 14}
2025-07-18 23:10:58,825 - database - INFO - Added 1 chunks for document: hellooooo.txt
2025-07-18 23:10:58,825 - folder_manager - INFO - Successfully processed: E:\PROJECT\Semantic_Search_Assistant\test_docs\hellooooo.txt (0 chunks)
2025-07-18 23:10:59,385 - folder_manager - INFO - File modified detected: E:\PROJECT\Semantic_Search_Assistant\test_docs\hellooooo.txt
2025-07-18 23:10:59,389 - folder_manager - INFO - Queued file for processing: E:\PROJECT\Semantic_Search_Assistant\test_docs\hellooooo.txt (trigger: modified)
2025-07-18 23:10:59,421 - main - INFO - Search for 'sss' returned 7 results
2025-07-18 23:11:00,060 - folder_manager - INFO - Processing file: E:\PROJECT\Semantic_Search_Assistant\test_docs\hellooooo.txt
2025-07-18 23:11:00,061 - main - INFO - Processing document 1/1: E:\PROJECT\Semantic_Search_Assistant\test_docs\hellooooo.txt
2025-07-18 23:11:00,062 - document_processor - INFO - Processed hellooooo.txt: 1 chunks created
2025-07-18 23:11:00,062 - main - INFO - Processed E:\PROJECT\Semantic_Search_Assistant\test_docs\hellooooo.txt: 1 chunks, type: <class 'list'>
2025-07-18 23:11:00,063 - main - INFO - First chunk type: <class 'document_processor.DocumentChunk'>, has content: True
2025-07-18 23:11:00,063 - database - INFO - add_document called with 1 chunks, type: <class 'list'>
2025-07-18 23:11:00,063 - database - INFO - First chunk type: <class 'document_processor.DocumentChunk'>
2025-07-18 23:11:00,079 - database - INFO - Processing chunk 0: metadata type = <class 'dict'>, metadata = {'source': 'E:\\PROJECT\\Semantic_Search_Assistant\\test_docs\\hellooooo.txt', 'filename': 'hellooooo.txt', 'extension': '.txt', 'file_size': 17, 'modified_time': 1752862259.3848307, 'format': 'text', 'lines': 1, 'words': 3, 'chunk_index': 0, 'total_chunks': 1, 'chunk_size': 14}
2025-07-18 23:11:00,087 - database - INFO - Added 1 chunks for document: hellooooo.txt
2025-07-18 23:11:00,088 - folder_manager - INFO - Successfully processed: E:\PROJECT\Semantic_Search_Assistant\test_docs\hellooooo.txt (0 chunks)
2025-07-18 23:11:09,958 - folder_manager - INFO - Removed file from store: E:\PROJECT\Semantic_Search_Assistant\test_docs\hellooooo.txt
2025-07-18 23:11:14,087 - main - INFO - Search for 'sssc' returned 8 results
2025-07-18 23:11:14,851 - main - INFO - Search for 'ssscc' returned 9 results
2025-07-18 23:11:14,984 - database - INFO - Vector store closed
2025-07-18 23:11:14,984 - api_service - INFO - API server shutdown complete
2025-07-18 23:11:14,985 - __main__ - INFO - Received signal 2, shutting down...
2025-07-18 23:11:15,058 - folder_manager - INFO - Background processor stopped
2025-07-18 23:11:59,265 - __main__ - INFO - Starting Semantic Search Assistant backend...
2025-07-18 23:12:09,917 - folder_manager - INFO - Loaded 2 connected folders
2025-07-18 23:12:09,946 - main - INFO - Initializing document search backend...
2025-07-18 23:12:09,947 - database - INFO - Loading embedding model: sentence-transformers/all-MiniLM-L6-v2
2025-07-18 23:12:09,949 - sentence_transformers.SentenceTransformer - INFO - Use pytorch device_name: cpu
2025-07-18 23:12:09,949 - sentence_transformers.SentenceTransformer - INFO - Load pretrained SentenceTransformer: sentence-transformers/all-MiniLM-L6-v2
2025-07-18 23:12:15,641 - database - INFO - Created new table: documents
2025-07-18 23:12:15,642 - database - INFO - Vector store initialized successfully
2025-07-18 23:12:15,643 - document_processor - INFO - Document processor initialized
2025-07-18 23:12:15,726 - main - INFO - Added test_docs folder to monitoring: E:\PROJECT\Semantic_Search_Assistant\test_docs
2025-07-18 23:12:15,726 - folder_manager - INFO - Starting folder monitoring...
2025-07-18 23:12:15,727 - folder_manager - WARNING - Folder does not exist, skipping monitoring: C:\Users\Abdul Wasay\OneDrive\Desktop\BilalProject\Semantic_Search_Assistant\test_docs
2025-07-18 23:12:15,728 - folder_manager - INFO - Started monitoring folder: E:\PROJECT\Semantic_Search_Assistant\test_docs
2025-07-18 23:12:15,728 - folder_manager - INFO - Monitoring 2 folders
2025-07-18 23:12:15,731 - api_service - INFO - API server started successfully
2025-07-18 23:12:15,755 - folder_manager - INFO - Starting background document processor...
2025-07-18 23:12:24,984 - database - INFO - No documents in vector store yet
2025-07-18 23:12:24,984 - main - INFO - Search for 'h' returned 0 results
2025-07-18 23:12:25,100 - database - INFO - No documents in vector store yet
2025-07-18 23:12:25,100 - main - INFO - Search for 'he' returned 0 results
2025-07-18 23:12:26,166 - database - INFO - No documents in vector store yet
2025-07-18 23:12:26,166 - main - INFO - Search for 'h' returned 0 results
2025-07-18 23:12:31,623 - database - INFO - No documents in vector store yet
2025-07-18 23:12:31,629 - main - INFO - Search for 'c' returned 0 results
2025-07-18 23:12:38,954 - folder_manager - INFO - File created detected: E:\PROJECT\Semantic_Search_Assistant\test_docs\New Text Document.txt
2025-07-18 23:12:38,958 - folder_manager - INFO - Queued file for processing: E:\PROJECT\Semantic_Search_Assistant\test_docs\New Text Document.txt (trigger: created)
2025-07-18 23:12:39,191 - folder_manager - INFO - Processing file: E:\PROJECT\Semantic_Search_Assistant\test_docs\New Text Document.txt
2025-07-18 23:12:39,192 - main - INFO - Processing document 1/1: E:\PROJECT\Semantic_Search_Assistant\test_docs\New Text Document.txt
2025-07-18 23:12:39,193 - document_processor - INFO - Processed New Text Document.txt: 0 chunks created
2025-07-18 23:12:39,193 - main - INFO - Processed E:\PROJECT\Semantic_Search_Assistant\test_docs\New Text Document.txt: 0 chunks, type: <class 'list'>
2025-07-18 23:12:39,193 - database - INFO - add_document called with 0 chunks, type: <class 'list'>
2025-07-18 23:12:39,193 - database - INFO - No chunks to add for E:\PROJECT\Semantic_Search_Assistant\test_docs\New Text Document.txt
2025-07-18 23:12:39,193 - folder_manager - INFO - Successfully processed: E:\PROJECT\Semantic_Search_Assistant\test_docs\New Text Document.txt (0 chunks)
2025-07-18 23:12:43,929 - database - INFO - No documents in vector store yet
2025-07-18 23:12:43,930 - main - INFO - Search for 'cc' returned 0 results
2025-07-18 23:12:44,061 - database - INFO - No documents in vector store yet
2025-07-18 23:12:44,061 - main - INFO - Search for 'cch' returned 0 results
2025-07-18 23:12:44,158 - database - INFO - No documents in vector store yet
2025-07-18 23:12:44,158 - main - INFO - Search for 'ccha' returned 0 results
2025-07-18 23:12:44,394 - database - INFO - No documents in vector store yet
2025-07-18 23:12:44,394 - main - INFO - Search for 'cchap' returned 0 results
2025-07-18 23:12:44,746 - database - INFO - No documents in vector store yet
2025-07-18 23:12:44,747 - main - INFO - Search for 'cchapt' returned 0 results
2025-07-18 23:12:44,857 - database - INFO - No documents in vector store yet
2025-07-18 23:12:44,858 - main - INFO - Search for 'cchapte' returned 0 results
2025-07-18 23:12:44,940 - database - INFO - No documents in vector store yet
2025-07-18 23:12:44,940 - main - INFO - Search for 'cchapter' returned 0 results
2025-07-18 23:12:45,247 - database - INFO - No documents in vector store yet
2025-07-18 23:12:45,248 - main - INFO - Search for 'cchapter1' returned 0 results
2025-07-18 23:12:48,446 - database - INFO - No documents in vector store yet
2025-07-18 23:12:48,446 - main - INFO - Search for 'cchapter1v' returned 0 results
2025-07-18 23:12:49,096 - folder_manager - INFO - File modified detected: E:\PROJECT\Semantic_Search_Assistant\test_docs\chapter1.txt
2025-07-18 23:12:49,096 - folder_manager - INFO - Queued file for processing: E:\PROJECT\Semantic_Search_Assistant\test_docs\chapter1.txt (trigger: modified)
2025-07-18 23:12:49,102 - database - INFO - No documents in vector store yet
2025-07-18 23:12:49,103 - main - INFO - Search for 'cchapter1vs' returned 0 results
2025-07-18 23:12:50,240 - folder_manager - INFO - Processing file: E:\PROJECT\Semantic_Search_Assistant\test_docs\chapter1.txt
2025-07-18 23:12:50,241 - main - INFO - Processing document 1/1: E:\PROJECT\Semantic_Search_Assistant\test_docs\chapter1.txt
2025-07-18 23:12:50,244 - document_processor - INFO - Processed chapter1.txt: 1 chunks created
2025-07-18 23:12:50,244 - main - INFO - Processed E:\PROJECT\Semantic_Search_Assistant\test_docs\chapter1.txt: 1 chunks, type: <class 'list'>
2025-07-18 23:12:50,244 - main - INFO - First chunk type: <class 'document_processor.DocumentChunk'>, has content: True
2025-07-18 23:12:50,245 - database - INFO - add_document called with 1 chunks, type: <class 'list'>
2025-07-18 23:12:50,245 - database - INFO - First chunk type: <class 'document_processor.DocumentChunk'>
2025-07-18 23:12:50,328 - database - INFO - Processing chunk 0: metadata type = <class 'dict'>, metadata = {'source': 'E:\\PROJECT\\Semantic_Search_Assistant\\test_docs\\chapter1.txt', 'filename': 'chapter1.txt', 'extension': '.txt', 'file_size': 402, 'modified_time': 1752862369.094158, 'format': 'text', 'lines': 2, 'words': 68, 'chunk_index': 0, 'total_chunks': 1, 'chunk_size': 401}
2025-07-18 23:12:50,336 - database - INFO - Added 1 chunks for document: chapter1.txt
2025-07-18 23:12:50,336 - folder_manager - INFO - Successfully processed: E:\PROJECT\Semantic_Search_Assistant\test_docs\chapter1.txt (0 chunks)
2025-07-18 23:13:05,362 - main - INFO - Search for 'cchapter1v' returned 1 results
2025-07-18 23:13:05,710 - main - INFO - Search for 'cchapter1' returned 1 results
2025-07-18 23:13:05,826 - main - INFO - Search for 'cchapter' returned 1 results
2025-07-18 23:13:06,056 - main - INFO - Search for 'cchapte' returned 1 results
2025-07-18 23:13:06,566 - main - INFO - Search for 'cchapt' returned 1 results
2025-07-18 23:13:06,594 - main - INFO - Search for 'cchap' returned 1 results
2025-07-18 23:13:06,626 - main - INFO - Search for 'ccha' returned 1 results
2025-07-18 23:13:06,659 - main - INFO - Search for 'cch' returned 1 results
2025-07-18 23:13:06,693 - main - INFO - Search for 'cc' returned 1 results
2025-07-18 23:13:06,722 - main - INFO - Search for 'c' returned 1 results
2025-07-18 23:13:07,743 - main - INFO - Search for 'N' returned 1 results
2025-07-18 23:13:07,869 - main - INFO - Search for 'Na' returned 1 results
2025-07-18 23:13:08,084 - main - INFO - Search for 'Nat' returned 1 results
2025-07-18 23:13:08,201 - main - INFO - Search for 'Natu' returned 1 results
2025-07-18 23:13:08,357 - main - INFO - Search for 'Natur' returned 1 results
2025-07-18 23:13:08,472 - main - INFO - Search for 'Nature' returned 1 results
2025-07-18 23:13:10,641 - main - INFO - Search for 'Natur' returned 1 results
2025-07-18 23:13:10,789 - main - INFO - Search for 'Natu' returned 1 results
2025-07-18 23:13:10,925 - main - INFO - Search for 'Nat' returned 1 results
2025-07-18 23:13:11,045 - main - INFO - Search for 'Na' returned 1 results
2025-07-18 23:13:11,174 - main - INFO - Search for 'N' returned 1 results
2025-07-18 23:13:13,686 - main - INFO - Search for 'w' returned 1 results
2025-07-18 23:13:13,835 - main - INFO - Search for 'wo' returned 1 results
2025-07-18 23:13:14,040 - main - INFO - Search for 'wor' returned 1 results
2025-07-18 23:13:14,404 - main - INFO - Search for 'worl' returned 1 results
2025-07-18 23:13:14,603 - main - INFO - Search for 'world' returned 1 results
2025-07-18 23:13:16,585 - main - INFO - Search for 'worl' returned 1 results
2025-07-18 23:13:16,790 - main - INFO - Search for 'wor' returned 1 results
2025-07-18 23:13:16,934 - main - INFO - Search for 'wo' returned 1 results
2025-07-18 23:13:17,073 - main - INFO - Search for 'w' returned 1 results
2025-07-18 23:13:25,215 - main - INFO - Search for 'c' returned 1 results
2025-07-18 23:14:21,096 - __main__ - INFO - Starting Semantic Search Assistant backend...
2025-07-18 23:14:31,862 - folder_manager - INFO - Loaded 2 connected folders
2025-07-18 23:14:31,870 - main - INFO - Initializing document search backend...
2025-07-18 23:14:31,870 - database - INFO - Loading embedding model: sentence-transformers/all-MiniLM-L6-v2
2025-07-18 23:14:31,872 - sentence_transformers.SentenceTransformer - INFO - Use pytorch device_name: cpu
2025-07-18 23:14:31,872 - sentence_transformers.SentenceTransformer - INFO - Load pretrained SentenceTransformer: sentence-transformers/all-MiniLM-L6-v2
2025-07-18 23:14:37,760 - database - INFO - Connected to existing table: documents
2025-07-18 23:14:37,760 - database - INFO - Vector store initialized successfully
2025-07-18 23:14:37,761 - document_processor - INFO - Document processor initialized
2025-07-18 23:14:37,892 - main - INFO - Added test_docs folder to monitoring: E:\PROJECT\Semantic_Search_Assistant\test_docs
2025-07-18 23:14:37,893 - folder_manager - INFO - Starting folder monitoring...
2025-07-18 23:14:37,894 - folder_manager - INFO - Started monitoring folder: E:\PROJECT\Semantic_Search_Assistant\test_docs
2025-07-18 23:14:37,894 - folder_manager - WARNING - Folder does not exist, skipping monitoring: C:\Users\Abdul Wasay\OneDrive\Desktop\BilalProject\Semantic_Search_Assistant\test_docs
2025-07-18 23:14:37,895 - folder_manager - INFO - Monitoring 2 folders
2025-07-18 23:14:37,921 - api_service - INFO - API server started successfully
2025-07-18 23:14:37,930 - folder_manager - INFO - Starting background document processor...
2025-07-18 23:14:53,506 - main - INFO - Search for 'w' returned 1 results
2025-07-18 23:14:53,513 - main - INFO - Search for 'wo' returned 1 results
2025-07-18 23:14:53,583 - main - INFO - Search for 'wor' returned 1 results
2025-07-18 23:14:53,715 - main - INFO - Search for 'word' returned 1 results
2025-07-18 23:14:59,949 - main - INFO - Search for 'wor' returned 1 results
2025-07-18 23:14:59,986 - main - INFO - Search for 'wo' returned 1 results
2025-07-18 23:15:00,060 - main - INFO - Search for 'w' returned 1 results
2025-07-18 23:15:03,784 - main - INFO - Search for 'n' returned 1 results
2025-07-18 23:15:03,870 - main - INFO - Search for 'na' returned 1 results
2025-07-18 23:15:05,047 - main - INFO - Search for 'nat' returned 1 results
2025-07-18 23:15:05,213 - main - INFO - Search for 'natu' returned 1 results
2025-07-18 23:15:05,383 - main - INFO - Search for 'natur' returned 1 results
2025-07-18 23:15:05,464 - main - INFO - Search for 'nature' returned 1 results
2025-07-18 23:15:10,133 - main - INFO - Search for 'natur' returned 1 results
2025-07-18 23:15:10,470 - main - INFO - Search for 'natu' returned 1 results
2025-07-18 23:15:10,595 - main - INFO - Search for 'nat' returned 1 results
2025-07-18 23:15:10,709 - main - INFO - Search for 'na' returned 1 results
2025-07-18 23:15:10,847 - main - INFO - Search for 'n' returned 1 results
2025-07-18 23:15:11,449 - main - INFO - Search for 'v' returned 1 results
2025-07-18 23:15:25,266 - main - INFO - Search for 'c' returned 1 results
2025-07-18 23:15:32,694 - folder_manager - INFO - File created detected: E:\PROJECT\Semantic_Search_Assistant\test_docs\New Text Document.txt
2025-07-18 23:15:32,728 - folder_manager - INFO - Queued file for processing: E:\PROJECT\Semantic_Search_Assistant\test_docs\New Text Document.txt (trigger: created)
2025-07-18 23:15:33,602 - main - INFO - Search for 'c' returned 1 results
2025-07-18 23:15:33,708 - main - INFO - Search for 'ch' returned 1 results
2025-07-18 23:15:33,770 - folder_manager - INFO - Processing file: E:\PROJECT\Semantic_Search_Assistant\test_docs\New Text Document.txt
2025-07-18 23:15:33,770 - main - INFO - Processing document 1/1: E:\PROJECT\Semantic_Search_Assistant\test_docs\New Text Document.txt
2025-07-18 23:15:33,771 - document_processor - INFO - Processed New Text Document.txt: 0 chunks created
2025-07-18 23:15:33,771 - main - INFO - Processed E:\PROJECT\Semantic_Search_Assistant\test_docs\New Text Document.txt: 0 chunks, type: <class 'list'>
2025-07-18 23:15:33,771 - database - INFO - add_document called with 0 chunks, type: <class 'list'>
2025-07-18 23:15:33,772 - database - INFO - No chunks to add for E:\PROJECT\Semantic_Search_Assistant\test_docs\New Text Document.txt
2025-07-18 23:15:33,772 - folder_manager - INFO - Successfully processed: E:\PROJECT\Semantic_Search_Assistant\test_docs\New Text Document.txt (0 chunks)
2025-07-18 23:15:33,807 - main - INFO - Search for 'cha' returned 1 results
2025-07-18 23:15:34,001 - main - INFO - Search for 'chap' returned 1 results
2025-07-18 23:15:34,316 - main - INFO - Search for 'chapt' returned 1 results
2025-07-18 23:15:34,397 - main - INFO - Search for 'chapte' returned 1 results
2025-07-18 23:15:34,455 - main - INFO - Search for 'chapter' returned 1 results
2025-07-18 23:15:34,999 - main - INFO - Search for 'chapter2' returned 1 results
2025-07-18 23:15:39,124 - main - INFO - Search for 'chapter2v' returned 1 results
2025-07-18 23:15:40,017 - folder_manager - INFO - File modified detected: E:\PROJECT\Semantic_Search_Assistant\test_docs\chapter2.txt
2025-07-18 23:15:40,022 - folder_manager - INFO - Queued file for processing: E:\PROJECT\Semantic_Search_Assistant\test_docs\chapter2.txt (trigger: modified)
2025-07-18 23:15:40,101 - main - INFO - Search for 'chapter2vs' returned 1 results
2025-07-18 23:15:41,208 - folder_manager - INFO - Processing file: E:\PROJECT\Semantic_Search_Assistant\test_docs\chapter2.txt
2025-07-18 23:15:41,209 - main - INFO - Processing document 1/1: E:\PROJECT\Semantic_Search_Assistant\test_docs\chapter2.txt
2025-07-18 23:15:41,211 - document_processor - INFO - Processed chapter2.txt: 2 chunks created
2025-07-18 23:15:41,211 - main - INFO - Processed E:\PROJECT\Semantic_Search_Assistant\test_docs\chapter2.txt: 2 chunks, type: <class 'list'>
2025-07-18 23:15:41,211 - main - INFO - First chunk type: <class 'document_processor.DocumentChunk'>, has content: True
2025-07-18 23:15:41,211 - database - INFO - add_document called with 2 chunks, type: <class 'list'>
2025-07-18 23:15:41,211 - database - INFO - First chunk type: <class 'document_processor.DocumentChunk'>
2025-07-18 23:15:41,329 - database - INFO - Processing chunk 0: metadata type = <class 'dict'>, metadata = {'source': 'E:\\PROJECT\\Semantic_Search_Assistant\\test_docs\\chapter2.txt', 'filename': 'chapter2.txt', 'extension': '.txt', 'file_size': 766, 'modified_time': 1752862540.0157444, 'format': 'text', 'lines': 6, 'words': 123, 'chunk_index': 0, 'total_chunks': 2, 'chunk_size': 380}
2025-07-18 23:15:41,330 - database - INFO - Processing chunk 1: metadata type = <class 'dict'>, metadata = {'source': 'E:\\PROJECT\\Semantic_Search_Assistant\\test_docs\\chapter2.txt', 'filename': 'chapter2.txt', 'extension': '.txt', 'file_size': 766, 'modified_time': 1752862540.0157444, 'format': 'text', 'lines': 6, 'words': 123, 'chunk_index': 1, 'total_chunks': 2, 'chunk_size': 376}
2025-07-18 23:15:41,353 - database - INFO - Added 2 chunks for document: chapter2.txt
2025-07-18 23:15:41,354 - folder_manager - INFO - Successfully processed: E:\PROJECT\Semantic_Search_Assistant\test_docs\chapter2.txt (0 chunks)
2025-07-18 23:15:44,836 - main - INFO - Search for 'chapter2v' returned 3 results
2025-07-18 23:15:45,017 - main - INFO - Search for 'chapter2' returned 3 results
2025-07-18 23:15:45,180 - main - INFO - Search for 'chapter' returned 3 results
2025-07-18 23:15:45,638 - main - INFO - Search for 'chapte' returned 3 results
2025-07-18 23:15:45,696 - main - INFO - Search for 'chapt' returned 3 results
2025-07-18 23:15:45,776 - main - INFO - Search for 'chap' returned 3 results
2025-07-18 23:15:45,826 - main - INFO - Search for 'cha' returned 3 results
2025-07-18 23:15:45,852 - main - INFO - Search for 'ch' returned 3 results
2025-07-18 23:15:45,871 - main - INFO - Search for 'c' returned 3 results
2025-07-18 23:19:13,624 - __main__ - INFO - Starting Semantic Search Assistant backend...
2025-07-18 23:19:26,236 - folder_manager - INFO - Loaded 2 connected folders
2025-07-18 23:19:26,262 - main - INFO - Initializing document search backend...
2025-07-18 23:19:26,263 - database - INFO - Loading embedding model: sentence-transformers/all-MiniLM-L6-v2
2025-07-18 23:19:26,274 - sentence_transformers.SentenceTransformer - INFO - Use pytorch device_name: cpu
2025-07-18 23:19:26,334 - sentence_transformers.SentenceTransformer - INFO - Load pretrained SentenceTransformer: sentence-transformers/all-MiniLM-L6-v2
2025-07-18 23:19:32,286 - database - INFO - Connected to existing table: documents
2025-07-18 23:19:32,287 - database - INFO - Vector store initialized successfully
2025-07-18 23:19:32,287 - document_processor - INFO - Document processor initialized
2025-07-18 23:19:32,411 - main - INFO - Added test_docs folder to monitoring: E:\PROJECT\Semantic_Search_Assistant\test_docs
2025-07-18 23:19:32,411 - folder_manager - INFO - Starting folder monitoring...
2025-07-18 23:19:32,413 - folder_manager - INFO - Started monitoring folder: E:\PROJECT\Semantic_Search_Assistant\test_docs
2025-07-18 23:19:32,414 - folder_manager - WARNING - Folder does not exist, skipping monitoring: C:\Users\Abdul Wasay\OneDrive\Desktop\BilalProject\Semantic_Search_Assistant\test_docs
2025-07-18 23:19:32,417 - folder_manager - INFO - Monitoring 2 folders
2025-07-18 23:19:32,420 - api_service - INFO - API server started successfully
2025-07-18 23:19:32,433 - folder_manager - INFO - Starting background document processor...
2025-07-18 23:19:43,432 - main - INFO - Search for 'w' returned 3 results
2025-07-18 23:19:43,456 - main - INFO - Search for 'wo' returned 3 results
2025-07-18 23:19:43,517 - main - INFO - Search for 'wor' returned 3 results
2025-07-18 23:19:43,648 - main - INFO - Search for 'word' returned 3 results
2025-07-18 23:19:49,685 - main - INFO - Search for 'wor' returned 3 results
2025-07-18 23:19:50,204 - main - INFO - Search for 'wo' returned 3 results
2025-07-18 23:19:50,241 - main - INFO - Search for 'w' returned 3 results
2025-07-18 23:19:50,933 - main - INFO - Search for 'n' returned 3 results
2025-07-18 23:19:50,984 - main - INFO - Search for 'na' returned 3 results
2025-07-18 23:19:51,191 - main - INFO - Search for 'nat' returned 3 results
2025-07-18 23:19:51,377 - main - INFO - Search for 'natu' returned 3 results
2025-07-18 23:19:51,521 - main - INFO - Search for 'natur' returned 3 results
2025-07-18 23:19:51,620 - main - INFO - Search for 'nature' returned 3 results
2025-07-18 23:19:52,671 - main - INFO - Search for 'natur' returned 3 results
2025-07-18 23:19:52,813 - main - INFO - Search for 'natu' returned 3 results
2025-07-18 23:19:52,935 - main - INFO - Search for 'nat' returned 3 results
2025-07-18 23:19:53,049 - main - INFO - Search for 'na' returned 3 results
2025-07-18 23:19:53,177 - main - INFO - Search for 'n' returned 3 results
2025-07-18 23:19:53,669 - main - INFO - Search for 't' returned 3 results
2025-07-18 23:19:53,754 - main - INFO - Search for 'te' returned 3 results
2025-07-18 23:19:53,961 - main - INFO - Search for 'tec' returned 3 results
2025-07-18 23:19:54,099 - main - INFO - Search for 'tech' returned 3 results
2025-07-18 23:19:54,311 - main - INFO - Search for 'techn' returned 3 results
2025-07-18 23:19:54,460 - main - INFO - Search for 'techno' returned 3 results
2025-07-18 23:19:55,200 - main - INFO - Search for 'technol' returned 3 results
2025-07-18 23:19:55,344 - main - INFO - Search for 'technolo' returned 3 results
2025-07-18 23:19:55,533 - main - INFO - Search for 'technolog' returned 3 results
2025-07-18 23:19:55,683 - main - INFO - Search for 'technology' returned 3 results
2025-07-18 23:19:56,729 - main - INFO - Search for 'technolog' returned 3 results
2025-07-18 23:19:57,247 - main - INFO - Search for 'technolo' returned 3 results
2025-07-18 23:19:57,292 - main - INFO - Search for 'technol' returned 3 results
2025-07-18 23:19:57,304 - main - INFO - Search for 'techno' returned 3 results
2025-07-18 23:19:57,348 - main - INFO - Search for 'techn' returned 3 results
2025-07-18 23:19:57,368 - main - INFO - Search for 'tech' returned 3 results
2025-07-18 23:19:57,409 - main - INFO - Search for 'tec' returned 3 results
2025-07-18 23:19:57,443 - main - INFO - Search for 'te' returned 3 results
2025-07-18 23:19:57,463 - main - INFO - Search for 't' returned 3 results
2025-07-18 23:19:58,126 - main - INFO - Search for 'f' returned 3 results
2025-07-18 23:19:58,331 - main - INFO - Search for 'fc' returned 3 results
2025-07-18 23:19:58,595 - main - INFO - Search for 'fct' returned 3 results
2025-07-18 23:19:58,677 - main - INFO - Search for 'fcti' returned 3 results
2025-07-18 23:19:58,757 - main - INFO - Search for 'fctio' returned 3 results
2025-07-18 23:19:58,960 - main - INFO - Search for 'fction' returned 3 results
2025-07-18 23:19:59,075 - main - INFO - Search for 'fctiona' returned 3 results
2025-07-18 23:19:59,159 - main - INFO - Search for 'fctional' returned 3 results
2025-07-18 23:19:59,873 - main - INFO - Search for 'fctiona' returned 3 results
2025-07-18 23:20:00,353 - main - INFO - Search for 'fction' returned 3 results
2025-07-18 23:20:00,530 - main - INFO - Search for 'fctio' returned 3 results
2025-07-18 23:20:00,583 - main - INFO - Search for 'fcti' returned 3 results
2025-07-18 23:20:00,640 - main - INFO - Search for 'fct' returned 3 results
2025-07-18 23:20:00,656 - main - INFO - Search for 'fc' returned 3 results
2025-07-18 23:20:00,673 - main - INFO - Search for 'f' returned 3 results
2025-07-18 23:20:01,187 - main - INFO - Search for 'f' returned 3 results
2025-07-18 23:20:01,265 - main - INFO - Search for 'fi' returned 3 results
2025-07-18 23:20:01,547 - main - INFO - Search for 'fic' returned 3 results
2025-07-18 23:20:02,124 - main - INFO - Search for 'fict' returned 3 results
2025-07-18 23:20:02,536 - main - INFO - Search for 'ficti' returned 3 results
2025-07-18 23:20:02,626 - main - INFO - Search for 'fictio' returned 3 results
2025-07-18 23:20:03,253 - main - INFO - Search for 'fiction' returned 3 results
2025-07-18 23:20:03,559 - main - INFO - Search for 'fictiona' returned 3 results
2025-07-18 23:20:03,905 - main - INFO - Search for 'fictional' returned 3 results
2025-07-18 23:20:04,628 - main - INFO - Search for 's' returned 3 results
2025-07-18 23:20:04,861 - main - INFO - Search for 'st' returned 3 results
2025-07-18 23:20:04,994 - main - INFO - Search for 'sto' returned 3 results
2025-07-18 23:20:05,260 - main - INFO - Search for 'stor' returned 3 results
2025-07-18 23:20:05,384 - main - INFO - Search for 'store' returned 3 results
2025-07-18 23:20:05,866 - main - INFO - Search for 'stor' returned 3 results
2025-07-18 23:20:07,613 - main - INFO - Search for 'sto' returned 3 results
2025-07-18 23:20:08,065 - main - INFO - Search for 'st' returned 3 results
2025-07-18 23:20:08,111 - main - INFO - Search for 's' returned 3 results
2025-07-18 23:20:08,730 - main - INFO - Search for 'r' returned 3 results
2025-07-18 23:20:08,884 - main - INFO - Search for 'ro' returned 3 results
2025-07-18 23:20:09,182 - main - INFO - Search for 'rom' returned 3 results
2025-07-18 23:20:09,622 - main - INFO - Search for 'ro' returned 3 results
2025-07-18 23:20:10,276 - main - INFO - Search for 'roo' returned 3 results
2025-07-18 23:20:10,493 - main - INFO - Search for 'room' returned 3 results
2025-07-18 23:20:14,164 - main - INFO - Search for 'roo' returned 3 results
2025-07-18 23:20:14,682 - main - INFO - Search for 'ro' returned 3 results
2025-07-18 23:20:14,702 - main - INFO - Search for 'r' returned 3 results
2025-07-18 23:20:15,298 - main - INFO - Search for 'n' returned 3 results
2025-07-18 23:20:15,354 - main - INFO - Search for 'na' returned 3 results
2025-07-18 23:20:15,620 - main - INFO - Search for 'nat' returned 3 results
2025-07-18 23:20:15,686 - main - INFO - Search for 'natu' returned 3 results
2025-07-18 23:20:15,817 - main - INFO - Search for 'natur' returned 3 results
2025-07-18 23:20:15,922 - main - INFO - Search for 'nature' returned 3 results
2025-07-18 23:20:20,344 - main - INFO - Search for 'natur' returned 3 results
2025-07-18 23:20:20,824 - main - INFO - Search for 'natu' returned 3 results
2025-07-18 23:20:20,879 - main - INFO - Search for 'nat' returned 3 results
2025-07-18 23:20:20,953 - main - INFO - Search for 'na' returned 3 results
2025-07-18 23:20:21,020 - main - INFO - Search for 'n' returned 3 results
2025-07-18 23:20:22,484 - main - INFO - Search for 'v' returned 3 results
2025-07-18 23:20:34,473 - folder_manager - INFO - File created detected: E:\PROJECT\Semantic_Search_Assistant\test_docs\New Text Document.txt
2025-07-18 23:20:34,480 - folder_manager - INFO - Queued file for processing: E:\PROJECT\Semantic_Search_Assistant\test_docs\New Text Document.txt (trigger: created)
2025-07-18 23:20:35,308 - main - INFO - Search for 'c' returned 3 results
2025-07-18 23:20:35,442 - main - INFO - Search for 'ch' returned 3 results
2025-07-18 23:20:35,516 - main - INFO - Search for 'cha' returned 3 results
2025-07-18 23:20:35,517 - folder_manager - INFO - Processing file: E:\PROJECT\Semantic_Search_Assistant\test_docs\New Text Document.txt
2025-07-18 23:20:35,520 - main - INFO - Processing document 1/1: E:\PROJECT\Semantic_Search_Assistant\test_docs\New Text Document.txt
2025-07-18 23:20:35,521 - document_processor - INFO - Processed New Text Document.txt: 0 chunks created
2025-07-18 23:20:35,522 - main - INFO - Processed E:\PROJECT\Semantic_Search_Assistant\test_docs\New Text Document.txt: 0 chunks, type: <class 'list'>
2025-07-18 23:20:35,522 - database - INFO - add_document called with 0 chunks, type: <class 'list'>
2025-07-18 23:20:35,522 - database - INFO - No chunks to add for E:\PROJECT\Semantic_Search_Assistant\test_docs\New Text Document.txt
2025-07-18 23:20:35,522 - folder_manager - INFO - Successfully processed: E:\PROJECT\Semantic_Search_Assistant\test_docs\New Text Document.txt (0 chunks)
2025-07-18 23:20:35,707 - main - INFO - Search for 'chap' returned 3 results
2025-07-18 23:20:36,001 - main - INFO - Search for 'chapt' returned 3 results
2025-07-18 23:20:36,089 - main - INFO - Search for 'chapte' returned 3 results
2025-07-18 23:20:36,128 - main - INFO - Search for 'chapter' returned 3 results
2025-07-18 23:20:36,437 - main - INFO - Search for 'chapter3' returned 3 results
2025-07-18 23:20:48,382 - main - INFO - Search for 'chapter3c' returned 3 results
2025-07-18 23:20:50,414 - main - INFO - Search for 'chapter3cv' returned 3 results
2025-07-18 23:20:51,105 - folder_manager - INFO - File modified detected: E:\PROJECT\Semantic_Search_Assistant\test_docs\chapter3.txt
2025-07-18 23:20:51,106 - folder_manager - INFO - Queued file for processing: E:\PROJECT\Semantic_Search_Assistant\test_docs\chapter3.txt (trigger: modified)
2025-07-18 23:20:51,145 - main - INFO - Search for 'chapter3cvs' returned 3 results
2025-07-18 23:20:51,569 - folder_manager - INFO - Processing file: E:\PROJECT\Semantic_Search_Assistant\test_docs\chapter3.txt
2025-07-18 23:20:51,570 - main - INFO - Processing document 1/1: E:\PROJECT\Semantic_Search_Assistant\test_docs\chapter3.txt
2025-07-18 23:20:51,572 - document_processor - INFO - Processed chapter3.txt: 1 chunks created
2025-07-18 23:20:51,573 - main - INFO - Processed E:\PROJECT\Semantic_Search_Assistant\test_docs\chapter3.txt: 1 chunks, type: <class 'list'>
2025-07-18 23:20:51,573 - main - INFO - First chunk type: <class 'document_processor.DocumentChunk'>, has content: True
2025-07-18 23:20:51,574 - database - INFO - add_document called with 1 chunks, type: <class 'list'>
2025-07-18 23:20:51,574 - database - INFO - First chunk type: <class 'document_processor.DocumentChunk'>
2025-07-18 23:20:51,630 - database - INFO - Processing chunk 0: metadata type = <class 'dict'>, metadata = {'source': 'E:\\PROJECT\\Semantic_Search_Assistant\\test_docs\\chapter3.txt', 'filename': 'chapter3.txt', 'extension': '.txt', 'file_size': 406, 'modified_time': 1752862851.1043897, 'format': 'text', 'lines': 2, 'words': 74, 'chunk_index': 0, 'total_chunks': 1, 'chunk_size': 405}
2025-07-18 23:20:51,639 - database - INFO - Added 1 chunks for document: chapter3.txt
2025-07-18 23:20:51,640 - folder_manager - INFO - Successfully processed: E:\PROJECT\Semantic_Search_Assistant\test_docs\chapter3.txt (0 chunks)
2025-07-18 23:20:55,819 - main - INFO - Search for 'chapter3cv' returned 4 results
2025-07-18 23:20:56,325 - main - INFO - Search for 'chapter3c' returned 4 results
2025-07-18 23:20:56,375 - main - INFO - Search for 'chapter3' returned 4 results
2025-07-18 23:20:56,403 - main - INFO - Search for 'chapter' returned 4 results
2025-07-18 23:20:56,432 - main - INFO - Search for 'chapte' returned 4 results
2025-07-18 23:20:56,471 - main - INFO - Search for 'chapt' returned 4 results
2025-07-18 23:20:56,504 - main - INFO - Search for 'chap' returned 4 results
2025-07-18 23:20:56,533 - main - INFO - Search for 'cha' returned 4 results
2025-07-18 23:20:56,557 - main - INFO - Search for 'ch' returned 4 results
2025-07-18 23:20:56,592 - main - INFO - Search for 'c' returned 4 results
2025-07-18 23:21:03,622 - main - INFO - Search for 's' returned 4 results
2025-07-18 23:21:04,164 - main - INFO - Search for 'sl' returned 4 results
2025-07-18 23:21:04,421 - main - INFO - Search for 'sli' returned 4 results
2025-07-18 23:21:04,862 - main - INFO - Search for 'slic' returned 4 results
2025-07-18 23:21:05,070 - main - INFO - Search for 'slice' returned 4 results
2025-07-18 23:21:05,987 - main - INFO - Search for 'o' returned 4 results
2025-07-18 23:21:06,745 - main - INFO - Search for 'of' returned 4 results
2025-07-18 23:21:07,153 - main - INFO - Search for 'o' returned 4 results
2025-07-18 23:21:09,437 - main - INFO - Search for 's' returned 4 results
2025-07-18 23:21:09,623 - main - INFO - Search for 'sl' returned 4 results
2025-07-18 23:21:09,782 - main - INFO - Search for 'sli' returned 4 results
2025-07-18 23:21:09,872 - main - INFO - Search for 'slic' returned 4 results
2025-07-18 23:21:09,995 - main - INFO - Search for 'slice' returned 4 results
2025-07-18 23:21:13,791 - main - INFO - Search for 'slicev' returned 4 results
2025-07-18 23:21:16,855 - main - INFO - Search for 'slice' returned 4 results
2025-07-18 23:21:17,010 - main - INFO - Search for 'slic' returned 4 results
2025-07-18 23:21:17,377 - main - INFO - Search for 'sli' returned 4 results
2025-07-18 23:21:17,530 - main - INFO - Search for 'sl' returned 4 results
2025-07-18 23:21:17,657 - main - INFO - Search for 's' returned 4 results
2025-07-18 23:21:24,655 - __main__ - INFO - Starting Semantic Search Assistant backend...
2025-07-18 23:21:37,759 - folder_manager - INFO - Loaded 2 connected folders
2025-07-18 23:21:37,775 - main - INFO - Initializing document search backend...
2025-07-18 23:21:37,775 - database - INFO - Loading embedding model: sentence-transformers/all-MiniLM-L6-v2
2025-07-18 23:21:37,780 - sentence_transformers.SentenceTransformer - INFO - Use pytorch device_name: cpu
2025-07-18 23:21:37,780 - sentence_transformers.SentenceTransformer - INFO - Load pretrained SentenceTransformer: sentence-transformers/all-MiniLM-L6-v2
