2025-07-16 02:21:06,639 - INFO - Checking dependencies...
2025-07-16 02:21:30,895 - INFO - PyTorch version 2.4.0 available.
2025-07-16 02:21:30,903 - INFO - JAX version 0.5.2 available.
2025-07-16 02:21:32,415 - INFO - Installing missing packages: python-docx
2025-07-16 02:21:36,766 - INFO - Dependencies installed successfully
2025-07-16 02:21:36,767 - INFO - Starting backend server...
2025-07-16 02:21:36,774 - INFO - Waiting for server to start...
2025-07-16 02:21:41,775 - INFO - Backend server started successfully
2025-07-16 02:21:43,816 - WARNING - Backend health check failed: HTTPConnectionPool(host='127.0.0.1', port=8000): Max retries exceeded with url: /health (Caused by NewConnectionError('<urllib3.connection.HTTPConnection object at 0x0000025F98BA5580>: Failed to establish a new connection: [WinError 10061] No connection could be made because the target machine actively refused it'))
2025-07-16 02:21:43,817 - WARNING - Backend health check failed, but continuing...
2025-07-16 02:21:43,818 - INFO - Opening web interface...
2025-07-16 02:21:44,001 - INFO - Web interface opened: http://127.0.0.1:8000
2025-07-16 02:29:59,025 - INFO - Shutting down...
2025-07-16 02:29:59,026 - INFO - Stopping backend server...
2025-07-16 02:29:59,034 - INFO - Backend stopped gracefully
2025-07-16 02:29:59,035 - INFO - Shutdown complete
2025-07-16 02:29:59,223 - INFO - Shutting down...
2025-07-16 02:29:59,223 - INFO - Stopping backend server...
2025-07-16 02:29:59,223 - INFO - Backend stopped gracefully
2025-07-16 02:29:59,223 - INFO - Shutdown complete
2025-07-16 02:30:09,483 - INFO - Checking dependencies...
2025-07-16 02:30:37,222 - INFO - PyTorch version 2.4.0 available.
2025-07-16 02:30:37,230 - INFO - JAX version 0.5.2 available.
2025-07-16 02:30:45,226 - INFO - Installing missing packages: python-docx
2025-07-16 02:30:54,076 - INFO - Dependencies installed successfully
2025-07-16 02:30:54,078 - INFO - Starting backend server...
2025-07-16 02:30:54,087 - INFO - Waiting for server to start...
2025-07-16 02:30:59,089 - INFO - Backend server started successfully
2025-07-16 02:31:01,148 - WARNING - Backend health check failed: HTTPConnectionPool(host='127.0.0.1', port=8000): Max retries exceeded with url: /health (Caused by NewConnectionError('<urllib3.connection.HTTPConnection object at 0x000001C7D7FA4B00>: Failed to establish a new connection: [WinError 10061] No connection could be made because the target machine actively refused it'))
2025-07-16 02:31:01,150 - WARNING - Backend health check failed, but continuing...
2025-07-16 02:31:01,150 - INFO - Opening web interface...
2025-07-16 02:31:01,324 - INFO - Web interface opened: http://127.0.0.1:8000
2025-07-16 02:35:09,170 - INFO - Shutting down...
2025-07-16 02:35:09,170 - INFO - Stopping backend server...
2025-07-16 02:35:09,178 - INFO - Backend stopped gracefully
2025-07-16 02:35:09,179 - INFO - Shutdown complete
2025-07-16 02:35:09,444 - INFO - Shutting down...
2025-07-16 02:35:09,444 - INFO - Stopping backend server...
2025-07-16 02:35:09,445 - INFO - Backend stopped gracefully
2025-07-16 02:35:09,445 - INFO - Shutdown complete
2025-07-16 02:37:25,433 - INFO - Checking dependencies...
2025-07-16 02:37:52,867 - INFO - PyTorch version 2.4.0 available.
2025-07-16 02:37:52,875 - INFO - JAX version 0.5.2 available.
2025-07-16 02:37:54,292 - INFO - Installing missing packages: python-docx
2025-07-16 02:37:59,118 - INFO - Dependencies installed successfully
2025-07-16 02:37:59,119 - INFO - Starting backend server...
2025-07-16 02:37:59,126 - INFO - Waiting for server to start...
2025-07-16 02:38:04,127 - INFO - Backend server started successfully
2025-07-16 02:38:06,182 - WARNING - Backend health check failed: HTTPConnectionPool(host='127.0.0.1', port=8000): Max retries exceeded with url: /health (Caused by NewConnectionError('<urllib3.connection.HTTPConnection object at 0x000001298296E480>: Failed to establish a new connection: [WinError 10061] No connection could be made because the target machine actively refused it'))
2025-07-16 02:38:06,183 - WARNING - Backend health check failed, but continuing...
2025-07-16 02:38:06,183 - INFO - Opening web interface...
2025-07-16 02:38:06,362 - INFO - Web interface opened: http://127.0.0.1:8000
2025-07-16 02:40:14,589 - INFO - Checking dependencies...
2025-07-16 02:40:40,603 - INFO - PyTorch version 2.4.0 available.
2025-07-16 02:40:40,611 - INFO - JAX version 0.5.2 available.
2025-07-16 02:40:42,134 - INFO - Installing missing packages: python-docx
2025-07-16 02:40:47,878 - INFO - Dependencies installed successfully
2025-07-16 02:40:47,879 - INFO - Starting backend server...
2025-07-16 02:40:47,886 - INFO - Waiting for server to start...
2025-07-16 02:40:49,497 - INFO - Checking dependencies...
2025-07-16 02:40:52,887 - INFO - Backend server started successfully
2025-07-16 02:40:52,948 - INFO - Backend health check passed
2025-07-16 02:40:52,949 - INFO - Opening web interface...
2025-07-16 02:40:53,181 - INFO - Web interface opened: http://127.0.0.1:8000
2025-07-16 02:41:24,130 - INFO - PyTorch version 2.4.0 available.
2025-07-16 02:41:24,152 - INFO - JAX version 0.5.2 available.
2025-07-16 02:41:25,961 - INFO - Installing missing packages: python-docx
2025-07-16 02:41:31,056 - INFO - Dependencies installed successfully
2025-07-16 02:41:31,056 - INFO - Starting backend server...
2025-07-16 02:41:31,066 - INFO - Waiting for server to start...
2025-07-16 02:41:36,067 - INFO - Backend server started successfully
2025-07-16 02:41:36,142 - INFO - Backend health check passed
2025-07-16 02:41:36,143 - INFO - Opening web interface...
2025-07-16 02:41:36,368 - INFO - Web interface opened: http://127.0.0.1:8000
2025-07-16 03:02:15,033 - INFO - Shutting down...
2025-07-16 03:02:15,048 - INFO - Stopping backend server...
2025-07-16 03:02:15,054 - INFO - Backend stopped gracefully
2025-07-16 03:02:15,054 - INFO - Shutdown complete
2025-07-16 03:02:15,683 - INFO - Shutting down...
2025-07-16 03:02:15,683 - INFO - Stopping backend server...
2025-07-16 03:02:15,683 - INFO - Backend stopped gracefully
2025-07-16 03:02:15,683 - INFO - Shutdown complete
2025-07-16 03:02:21,872 - INFO - Shutting down...
2025-07-16 03:02:21,879 - INFO - Stopping backend server...
2025-07-16 03:02:21,885 - INFO - Backend stopped gracefully
2025-07-16 03:02:21,887 - INFO - Shutdown complete
2025-07-16 03:02:22,147 - INFO - Shutting down...
2025-07-16 03:02:22,147 - INFO - Stopping backend server...
2025-07-16 03:02:22,147 - INFO - Backend stopped gracefully
2025-07-16 03:02:22,147 - INFO - Shutdown complete
2025-07-16 03:02:22,198 - INFO - Shutting down...
2025-07-16 03:02:22,198 - INFO - Stopping backend server...
2025-07-16 03:02:22,198 - INFO - Backend stopped gracefully
2025-07-16 03:02:22,198 - INFO - Shutdown complete
2025-07-16 03:02:39,896 - INFO - Shutting down...
2025-07-16 03:02:39,898 - INFO - Stopping backend server...
2025-07-16 03:02:39,906 - INFO - Backend stopped gracefully
2025-07-16 03:02:39,906 - INFO - Shutdown complete
2025-07-16 03:02:39,961 - INFO - Shutting down...
2025-07-16 03:02:39,961 - INFO - Stopping backend server...
2025-07-16 03:02:39,961 - INFO - Backend stopped gracefully
2025-07-16 03:02:39,961 - INFO - Shutdown complete
2025-07-16 03:03:57,046 - INFO - Checking dependencies...
2025-07-16 03:04:21,827 - INFO - PyTorch version 2.4.0 available.
2025-07-16 03:04:21,835 - INFO - JAX version 0.5.2 available.
2025-07-16 03:04:23,231 - INFO - Installing missing packages: python-docx
2025-07-16 03:04:28,452 - INFO - Dependencies installed successfully
2025-07-16 03:04:28,453 - INFO - Starting backend server...
2025-07-16 03:04:28,459 - INFO - Waiting for server to start...
2025-07-16 03:04:33,461 - INFO - Backend server started successfully
2025-07-16 03:04:35,521 - WARNING - Backend health check failed: HTTPConnectionPool(host='127.0.0.1', port=8000): Max retries exceeded with url: /health (Caused by NewConnectionError('<urllib3.connection.HTTPConnection object at 0x000001C807F75400>: Failed to establish a new connection: [WinError 10061] No connection could be made because the target machine actively refused it'))
2025-07-16 03:04:35,522 - WARNING - Backend health check failed, but continuing...
2025-07-16 03:04:35,522 - INFO - Opening web interface...
2025-07-16 03:04:35,715 - INFO - Web interface opened: http://127.0.0.1:8000
2025-07-16 03:16:46,309 - INFO - Shutting down...
2025-07-16 03:16:46,310 - INFO - Stopping backend server...
2025-07-16 03:16:46,321 - INFO - Backend stopped gracefully
2025-07-16 03:16:46,322 - INFO - Shutdown complete
2025-07-16 03:16:47,048 - INFO - Shutting down...
2025-07-16 03:16:47,049 - INFO - Stopping backend server...
2025-07-16 03:16:47,051 - INFO - Backend stopped gracefully
2025-07-16 03:16:47,051 - INFO - Shutdown complete
